<?xml version="1.0" encoding="UTF-8"?>
<!-- Generated by org.testng.reporters.JUnitReportReporter -->
<testsuite hostname="ajammu-ny-03456.ad.hugeinc.com" name="Login.ErrorStates" tests="1" failures="0" timestamp="15 Jul 2013 00:13:41 GMT" time="0.001" errors="0">
  <testcase name="f" time="0.001" classname="Login.ErrorStates"/>
</testsuite> <!-- Login.ErrorStates -->
